<?xml version="1.0" encoding="UTF-8"?>
<!-- Generated by org.testng.reporters.JUnitReportReporter -->
<testsuite hostname="Intelligents-MacBook-Pro-2.local" failures="0" tests="2" name="vipinlearns.tests.SubmitOrderTest" time="18.951" errors="0" timestamp="2025-02-25T19:04:51 IST" skipped="0">
  <testcase classname="vipinlearns.tests.SubmitOrderTest" name="submitOrder" time="12.266"/>
  <testcase classname="vipinlearns.tests.SubmitOrderTest" name="orderHistoryTest" time="6.685"/>
</testsuite> <!-- vipinlearns.tests.SubmitOrderTest -->
