<?xml version="1.0" encoding="UTF-8"?>
<!-- Generated by org.testng.reporters.JUnitReportReporter -->
<testsuite hostname="Intelligents-MacBook-Pro-2.local" failures="0" tests="2" name="vipinlearns.tests.ErrorValidationsTest" time="18.230" errors="0" timestamp="2025-02-25T19:04:51 IST" skipped="0">
  <testcase classname="vipinlearns.tests.ErrorValidationsTest" name="productErrorValidation" time="7.926"/>
  <testcase classname="vipinlearns.tests.ErrorValidationsTest" name="loginErrorValidation" time="10.304"/>
</testsuite> <!-- vipinlearns.tests.ErrorValidationsTest -->
